<?xml version="1.0" encoding="UTF-8"?>
<testExecutions version="1">
    <file path="/Users/fionazheng/GoDutch/Do-Dutch/do_dutch/__test__/login.test.js">
        <testCase name="LogIn Two input areas should be rendered" duration="10"/>
        <testCase name="LogIn Button should be rendered" duration="1"/>
    </file>
    <file path="/Users/fionazheng/GoDutch/Do-Dutch/do_dutch/__test__/ReceiptList.test.js">
        <testCase name="Checking the rendering of ReceiptList A divider should be rendered" duration="17"/>
        <testCase name="Checking the rendering of ReceiptList If no history, a prompt should be rendered" duration="4"/>
        <testCase name="Checking the rendering of ReceiptList If no history, a prompt should be rendered" duration="3"/>
        <testCase name="Checking the functionaliies of ReceiptList When keyword.length == 0, no receiptItem would be rendred" duration="21"/>
        <testCase name="Checking the rendering of ReceiptListItem A touchableOpacity should be rendered" duration="4"/>
    </file>
    <file path="/Users/fionazheng/GoDutch/Do-Dutch/do_dutch/__test__/ReceiptModa.Item.test.js">
    </file>
    <file path="/Users/fionazheng/GoDutch/Do-Dutch/do_dutch/__test__/ReceiptModal.Title.test.js">
    </file>
    <file path="/Users/fionazheng/GoDutch/Do-Dutch/do_dutch/__test__/home_screen.test.js">
    </file>
    <file path="/Users/fionazheng/GoDutch/Do-Dutch/do_dutch/__test__/ReceiptModal.test.js">
    </file>
</testExecutions>
